2020-07-06T22:35:18.194642+09:00 0 [Warning] [MY-011070] [Server] 'Disabling symbolic links using --skip-symbolic-links (or equivalent) is the default. Consider not using this option as it' is deprecated and will be removed in a future release.
2020-07-06T22:35:18.194771+09:00 0 [System] [MY-013169] [Server] /usr/sbin/mysqld (mysqld 8.0.20) initializing of server in progress as process 44
2020-07-06T22:35:18.202657+09:00 1 [System] [MY-013576] [InnoDB] InnoDB initialization has started.
2020-07-06T22:35:18.579863+09:00 1 [System] [MY-013577] [InnoDB] InnoDB initialization has ended.
2020-07-06T22:35:19.783526+09:00 6 [Warning] [MY-010453] [Server] root@localhost is created with an empty password ! Please consider switching off the --initialize-insecure option.
2020-07-06T22:35:25.525907+09:00 0 [Warning] [MY-011070] [Server] 'Disabling symbolic links using --skip-symbolic-links (or equivalent) is the default. Consider not using this option as it' is deprecated and will be removed in a future release.
2020-07-06T22:35:25.526102+09:00 0 [System] [MY-010116] [Server] /usr/sbin/mysqld (mysqld 8.0.20) starting as process 91
2020-07-06T22:35:25.547962+09:00 1 [System] [MY-013576] [InnoDB] InnoDB initialization has started.
2020-07-06T22:35:25.755029+09:00 1 [System] [MY-013577] [InnoDB] InnoDB initialization has ended.
2020-07-06T22:35:25.865473+09:00 0 [System] [MY-011323] [Server] X Plugin ready for connections. Socket: '/var/run/mysqld/mysqlx.sock'
2020-07-06T22:35:26.033600+09:00 0 [Warning] [MY-010068] [Server] CA certificate ca.pem is self signed.
2020-07-06T22:35:26.035875+09:00 0 [Warning] [MY-011810] [Server] Insecure configuration for --pid-file: Location '/var/run/mysqld' in the path is accessible to all OS users. Consider choosing a different directory.
2020-07-06T22:35:26.069098+09:00 0 [System] [MY-010931] [Server] /usr/sbin/mysqld: ready for connections. Version: '8.0.20'  socket: '/var/run/mysqld/mysqld.sock'  port: 0  MySQL Community Server - GPL.
2020-07-06T22:35:32.401940+09:00 14 [System] [MY-013172] [Server] Received SHUTDOWN from user root. Shutting down mysqld (Version: 8.0.20).
2020-07-06T22:35:34.359263+09:00 0 [System] [MY-010910] [Server] /usr/sbin/mysqld: Shutdown complete (mysqld 8.0.20)  MySQL Community Server - GPL.
2020-07-06T22:35:34.644405+09:00 0 [Warning] [MY-011070] [Server] 'Disabling symbolic links using --skip-symbolic-links (or equivalent) is the default. Consider not using this option as it' is deprecated and will be removed in a future release.
2020-07-06T22:35:34.644557+09:00 0 [System] [MY-010116] [Server] /usr/sbin/mysqld (mysqld 8.0.20) starting as process 1
2020-07-06T22:35:34.657825+09:00 1 [System] [MY-013576] [InnoDB] InnoDB initialization has started.
2020-07-06T22:35:34.829065+09:00 1 [System] [MY-013577] [InnoDB] InnoDB initialization has ended.
2020-07-06T22:35:34.929602+09:00 0 [System] [MY-011323] [Server] X Plugin ready for connections. Socket: '/var/run/mysqld/mysqlx.sock' bind-address: '::' port: 33060
2020-07-06T22:35:35.056817+09:00 0 [Warning] [MY-010068] [Server] CA certificate ca.pem is self signed.
2020-07-06T22:35:35.060582+09:00 0 [Warning] [MY-011810] [Server] Insecure configuration for --pid-file: Location '/var/run/mysqld' in the path is accessible to all OS users. Consider choosing a different directory.
2020-07-06T22:35:35.084546+09:00 0 [System] [MY-010931] [Server] /usr/sbin/mysqld: ready for connections. Version: '8.0.20'  socket: '/var/run/mysqld/mysqld.sock'  port: 3306  MySQL Community Server - GPL.
